#! /c/Source/iverilog-install/bin/vvp
:ivl_version "12.0 (devel)" "(s20150603-1539-g2693dd32b)";
:ivl_delay_selection "TYPICAL";
:vpi_time_precision + 0;
:vpi_module "C:\iverilog\lib\ivl\system.vpi";
:vpi_module "C:\iverilog\lib\ivl\vhdl_sys.vpi";
:vpi_module "C:\iverilog\lib\ivl\vhdl_textio.vpi";
:vpi_module "C:\iverilog\lib\ivl\v2005_math.vpi";
:vpi_module "C:\iverilog\lib\ivl\va_math.vpi";
S_0000025bc377b9d0 .scope module, "fsm_tb" "fsm_tb" 2 1;
 .timescale 0 0;
v0000025bc3776500_0 .var "clk", 0 0;
v0000025bc37765a0_0 .var "reset", 0 0;
v0000025bc3776640_0 .net "state", 1 0, v0000025bc3776460_0;  1 drivers
S_0000025bc377bb60 .scope module, "uut" "fsm" 2 6, 3 1 0, S_0000025bc377b9d0;
 .timescale 0 0;
    .port_info 0 /INPUT 1 "clk";
    .port_info 1 /INPUT 1 "reset";
    .port_info 2 /OUTPUT 2 "state";
P_0000025bc37763b0 .param/l "GREEN" 0 3 8, C4<01>;
P_0000025bc37763e8 .param/l "RED" 0 3 7, C4<00>;
P_0000025bc3776420 .param/l "YELLOW" 0 3 9, C4<10>;
v0000025bc3776a10_0 .net "clk", 0 0, v0000025bc3776500_0;  1 drivers
v0000025bc3776c30_0 .net "reset", 0 0, v0000025bc37765a0_0;  1 drivers
v0000025bc3776460_0 .var "state", 1 0;
E_0000025bc377cdd0 .event posedge, v0000025bc3776a10_0;
    .scope S_0000025bc377bb60;
T_0 ;
    %wait E_0000025bc377cdd0;
    %load/vec4 v0000025bc3776c30_0;
    %flag_set/vec4 8;
    %jmp/0xz  T_0.0, 8;
    %pushi/vec4 0, 0, 2;
    %assign/vec4 v0000025bc3776460_0, 0;
    %jmp T_0.1;
T_0.0 ;
    %load/vec4 v0000025bc3776460_0;
    %dup/vec4;
    %pushi/vec4 0, 0, 2;
    %cmp/u;
    %jmp/1 T_0.2, 6;
    %dup/vec4;
    %pushi/vec4 1, 0, 2;
    %cmp/u;
    %jmp/1 T_0.3, 6;
    %dup/vec4;
    %pushi/vec4 2, 0, 2;
    %cmp/u;
    %jmp/1 T_0.4, 6;
    %pushi/vec4 0, 0, 2;
    %assign/vec4 v0000025bc3776460_0, 0;
    %jmp T_0.6;
T_0.2 ;
    %pushi/vec4 1, 0, 2;
    %assign/vec4 v0000025bc3776460_0, 0;
    %jmp T_0.6;
T_0.3 ;
    %pushi/vec4 2, 0, 2;
    %assign/vec4 v0000025bc3776460_0, 0;
    %jmp T_0.6;
T_0.4 ;
    %pushi/vec4 0, 0, 2;
    %assign/vec4 v0000025bc3776460_0, 0;
    %jmp T_0.6;
T_0.6 ;
    %pop/vec4 1;
T_0.1 ;
    %jmp T_0;
    .thread T_0;
    .scope S_0000025bc377b9d0;
T_1 ;
    %delay 5, 0;
    %load/vec4 v0000025bc3776500_0;
    %inv;
    %store/vec4 v0000025bc3776500_0, 0, 1;
    %jmp T_1;
    .thread T_1;
    .scope S_0000025bc377b9d0;
T_2 ;
    %pushi/vec4 0, 0, 1;
    %store/vec4 v0000025bc3776500_0, 0, 1;
    %pushi/vec4 1, 0, 1;
    %store/vec4 v0000025bc37765a0_0, 0, 1;
    %delay 10, 0;
    %pushi/vec4 0, 0, 1;
    %store/vec4 v0000025bc37765a0_0, 0, 1;
    %delay 60, 0;
    %vpi_call 2 15 "$finish" {0 0 0};
    %end;
    .thread T_2;
# The file index is used to find the file name in the following table.
:file_names 4;
    "N/A";
    "<interactive>";
    "fsm_tb.v";
    "fsm.v";
